[0.023s] Invoking command in '/home/yonathanarya/colcon_ws/build/turtlebot3_act_interfaces': CMAKE_PREFIX_PATH=${CMAKE_PREFIX_PATH}:/home/yonathanarya/colcon_ws/install/turtlebot3_infiniteloop:/home/yonathanarya/colcon_ws/install/turtlebot3_actionserver:/home/yonathanarya/colcon_ws/install/turtlebot3_action:/opt/ros/foxy /usr/bin/cmake --build /home/yonathanarya/colcon_ws/build/turtlebot3_act_interfaces -- -j8 -l8
[0.071s] -- Found ament_cmake: 0.9.9 (/opt/ros/foxy/share/ament_cmake/cmake)
[0.104s] -- Using PYTHON_EXECUTABLE: /usr/bin/python3
[0.386s] -- Found rosidl_default_generators: 1.0.1 (/opt/ros/foxy/share/rosidl_default_generators/cmake)
[0.390s] -- Using all available rosidl_typesupport_c: rosidl_typesupport_fastrtps_c;rosidl_typesupport_introspection_c
[0.396s] -- Found rosidl_adapter: 1.2.1 (/opt/ros/foxy/share/rosidl_adapter/cmake)
[0.571s] -- Using all available rosidl_typesupport_cpp: rosidl_typesupport_fastrtps_cpp;rosidl_typesupport_introspection_cpp
[0.635s] -- Found PythonInterp: /usr/bin/python3 (found version "3.8.10") 
[0.981s] CMake Error at /opt/ros/foxy/share/rosidl_adapter/cmake/rosidl_adapt_interfaces.cmake:60 (message):
[0.981s]   execute_process(/usr/bin/python3 -m rosidl_adapter --package-name
[0.982s]   turtlebot3_act_interfaces --arguments-file
[0.982s]   /home/yonathanarya/colcon_ws/build/turtlebot3_act_interfaces/rosidl_adapter__arguments__turtlebot3_act_interfaces.json
[0.982s]   --output-dir
[0.982s]   /home/yonathanarya/colcon_ws/build/turtlebot3_act_interfaces/rosidl_adapter/turtlebot3_act_interfaces
[0.982s]   --output-file
[0.982s]   /home/yonathanarya/colcon_ws/build/turtlebot3_act_interfaces/rosidl_adapter/turtlebot3_act_interfaces.idls)
[0.982s]   returned error code 1:
[0.983s] 
[0.983s]   Error processing 'uint8_t direction' of
[0.983s]   'turtlebot3_act_interfaces/Task_Goal': ''uint8_t' is an invalid message
[0.983s]   name.  It should have the pattern '^[A-Z][A-Za-z0-9]*$''
[0.983s] 
[0.983s]   Traceback (most recent call last):
[0.983s] 
[0.983s]     File "/usr/lib/python3.8/runpy.py", line 194, in _run_module_as_main
[0.983s]       return _run_code(code, main_globals, None,
[0.984s]     File "/usr/lib/python3.8/runpy.py", line 87, in _run_code
[0.984s]       exec(code, run_globals)
[0.984s]     File "/opt/ros/foxy/lib/python3.8/site-packages/rosidl_adapter/__main__.py", line 19, in <module>
[0.984s]       sys.exit(main())
[0.984s]     File "/opt/ros/foxy/lib/python3.8/site-packages/rosidl_adapter/main.py", line 53, in main
[0.984s]       abs_idl_file = convert_to_idl(
[0.985s]     File "/opt/ros/foxy/lib/python3.8/site-packages/rosidl_adapter/__init__.py", line 29, in convert_to_idl
[0.985s]       return convert_action_to_idl(
[0.985s]     File "/opt/ros/foxy/lib/python3.8/site-packages/rosidl_adapter/action/__init__.py", line 28, in convert_action_to_idl
[0.985s]       action = parse_action_string(package_name, input_file.stem, content)
[0.985s]     File "/opt/ros/foxy/lib/python3.8/site-packages/rosidl_adapter/parser.py", line 892, in parse_action_string
[0.985s]       goal_message = parse_message_string(
[0.985s]     File "/opt/ros/foxy/lib/python3.8/site-packages/rosidl_adapter/parser.py", line 516, in parse_message_string
[0.985s]       Type(type_string, context_package_name=pkg_name),
[0.985s]     File "/opt/ros/foxy/lib/python3.8/site-packages/rosidl_adapter/parser.py", line 276, in __init__
[0.986s]       super(Type, self).__init__(
[0.986s]     File "/opt/ros/foxy/lib/python3.8/site-packages/rosidl_adapter/parser.py", line 204, in __init__
[0.986s]       raise InvalidResourceName(
[0.986s] 
[0.986s]   rosidl_adapter.parser.InvalidResourceName: 'uint8_t' is an invalid message
[0.986s]   name.  It should have the pattern '^[A-Z][A-Za-z0-9]*$'
[0.986s] 
[0.986s] Call Stack (most recent call first):
[0.987s]   /opt/ros/foxy/share/rosidl_cmake/cmake/rosidl_generate_interfaces.cmake:130 (rosidl_adapt_interfaces)
[0.987s]   CMakeLists.txt:21 (rosidl_generate_interfaces)
[0.987s] 
[0.987s] 
[0.987s] -- Configuring incomplete, errors occurred!
[0.987s] See also "/home/yonathanarya/colcon_ws/build/turtlebot3_act_interfaces/CMakeFiles/CMakeOutput.log".
[0.995s] make: *** [Makefile:748: cmake_check_build_system] Error 1
[0.997s] Invoked command in '/home/yonathanarya/colcon_ws/build/turtlebot3_act_interfaces' returned '2': CMAKE_PREFIX_PATH=${CMAKE_PREFIX_PATH}:/home/yonathanarya/colcon_ws/install/turtlebot3_infiniteloop:/home/yonathanarya/colcon_ws/install/turtlebot3_actionserver:/home/yonathanarya/colcon_ws/install/turtlebot3_action:/opt/ros/foxy /usr/bin/cmake --build /home/yonathanarya/colcon_ws/build/turtlebot3_act_interfaces -- -j8 -l8
